\BOOKMARK [0][-]{section*.1}{\376\377\000C\000o\000n\000t\000e\000n\000t\000s}{}% 1
\BOOKMARK [0][-]{chapter*.2}{\376\377\000P\000r\000e\000f\000a\000c\000e}{}% 2
\BOOKMARK [1][-]{section*.3}{\376\377\000W\000h\000o\000\040\000i\000s\000\040\000t\000h\000i\000s\000\040\000b\000o\000o\000k\000\040\000f\000o\000r\000?}{chapter*.2}% 3
\BOOKMARK [1][-]{section*.4}{\376\377\000W\000h\000a\000t\000\040\000d\000o\000e\000s\000\040\000t\000h\000i\000s\000\040\000b\000o\000o\000k\000\040\000c\000o\000v\000e\000r\000?}{chapter*.2}% 4
\BOOKMARK [1][-]{section*.5}{\376\377\000W\000h\000a\000t\000\040\000e\000l\000s\000e\000\040\000d\000o\000\040\000y\000o\000u\000\040\000n\000e\000e\000d\000\040\000t\000o\000\040\000t\000e\000a\000c\000h\000\040\000a\000\040\000c\000o\000u\000r\000s\000e\000\040\000i\000n\000\040\000f\000l\000u\000i\000d\000\040\000d\000y\000n\000a\000m\000i\000c\000s\000?}{chapter*.2}% 5
\BOOKMARK [1][-]{section*.6}{\376\377\000W\000h\000y\000\040\000O\000p\000e\000n\000\040\000E\000d\000u\000c\000a\000t\000i\000o\000n\000?}{chapter*.2}% 6
\BOOKMARK [1][-]{section*.7}{\376\377\000T\000h\000a\000n\000k\000s}{chapter*.2}% 7
\BOOKMARK [0][-]{chapter.1}{\376\377\000I\000n\000t\000r\000o\000d\000u\000c\000t\000i\000o\000n}{}% 8
\BOOKMARK [1][-]{section.1.1}{\376\377\000F\000l\000u\000i\000d\000s}{chapter.1}% 9
\BOOKMARK [1][-]{section.1.2}{\376\377\000D\000e\000s\000c\000r\000i\000b\000i\000n\000g\000\040\000F\000l\000u\000i\000d\000\040\000F\000l\000o\000w}{chapter.1}% 10
\BOOKMARK [1][-]{section.1.3}{\376\377\000V\000i\000s\000u\000a\000l\000i\000z\000i\000n\000g\000\040\000F\000l\000u\000i\000d\000\040\000F\000l\000o\000w}{chapter.1}% 11
\BOOKMARK [2][-]{subsection.1.3.1}{\376\377\000V\000e\000c\000t\000o\000r\000\040\000P\000l\000o\000t\000s}{section.1.3}% 12
\BOOKMARK [2][-]{subsection.1.3.2}{\376\377\000S\000t\000r\000e\000a\000m\000l\000i\000n\000e\000s}{section.1.3}% 13
\BOOKMARK [1][-]{section.1.4}{\376\377\000T\000o\000t\000a\000l\000\040\000D\000e\000r\000i\000v\000a\000t\000i\000v\000e\000\040\000a\000n\000d\000\040\000A\000c\000c\000e\000l\000e\000r\000a\000t\000i\000o\000n}{chapter.1}% 14
\BOOKMARK [1][-]{section.1.5}{\376\377\000I\000n\000c\000o\000m\000p\000r\000e\000s\000s\000i\000b\000l\000e\000\040\000a\000n\000d\000\040\000I\000r\000r\000o\000t\000a\000t\000i\000o\000n\000a\000l\000\040\000F\000l\000o\000w}{chapter.1}% 15
\BOOKMARK [2][-]{subsection.1.5.1}{\376\377\000T\000h\000e\000\040\000I\000n\000c\000o\000m\000p\000r\000e\000s\000s\000i\000b\000i\000l\000i\000t\000y\000\040\000C\000o\000n\000d\000i\000t\000i\000o\000n}{section.1.5}% 16
\BOOKMARK [2][-]{subsection.1.5.2}{\376\377\000V\000o\000r\000t\000i\000c\000i\000t\000y}{section.1.5}% 17
\BOOKMARK [1][-]{section.1.6}{\376\377\000V\000i\000s\000c\000o\000s\000i\000t\000y}{chapter.1}% 18
\BOOKMARK [1][-]{section*.18}{\376\377\000P\000r\000o\000b\000l\000e\000m\000s}{chapter.1}% 19
\BOOKMARK [0][-]{chapter.2}{\376\377\000V\000i\000s\000c\000o\000u\000s\000\040\000F\000l\000u\000i\000d\000s}{}% 20
\BOOKMARK [1][-]{section.2.1}{\376\377\000T\000h\000e\000\040\000N\000a\000v\000i\000e\000r\000-\000S\000t\000o\000k\000e\000s\000\040\000E\000q\000u\000a\000t\000i\000o\000n\000s}{chapter.2}% 21
\BOOKMARK [2][-]{subsection.2.1.1}{\376\377\000C\000a\000r\000t\000e\000s\000i\000a\000n\000\040\000C\000o\000o\000r\000d\000i\000n\000a\000t\000e\000s}{section.2.1}% 22
\BOOKMARK [1][-]{section.2.2}{\376\377\000S\000i\000m\000p\000l\000e\000\040\000V\000i\000s\000c\000o\000u\000s\000\040\000F\000l\000o\000w\000s}{chapter.2}% 23
\BOOKMARK [2][-]{subsection.2.2.1}{\376\377\000P\000o\000i\000s\000e\000u\000i\000l\000l\000e\000\040\000F\000l\000o\000w\000\040\000i\000n\000\040\000O\000n\000e\000\040\000D\000i\000m\000e\000n\000s\000i\000o\000n}{section.2.2}% 24
\BOOKMARK [2][-]{subsection.2.2.2}{\376\377\000T\000i\000m\000e\000\040\000D\000e\000p\000e\000n\000d\000e\000n\000t\000\040\000F\000l\000o\000w}{section.2.2}% 25
\BOOKMARK [2][-]{subsection.2.2.3}{\376\377\000A\000n\000\040\000I\000m\000p\000u\000l\000s\000i\000v\000e\000l\000y\000\040\000M\000o\000v\000e\000d\000\040\000B\000o\000u\000n\000d\000a\000r\000y}{section.2.2}% 26
\BOOKMARK [2][-]{subsection.2.2.4}{\376\377\000S\000e\000l\000f\000-\000S\000i\000m\000i\000l\000a\000r\000\040\000F\000l\000o\000w\000s}{section.2.2}% 27
\BOOKMARK [1][-]{section.2.3}{\376\377\000C\000i\000r\000c\000u\000l\000a\000r\000\040\000F\000l\000o\000w}{chapter.2}% 28
\BOOKMARK [2][-]{subsection.2.3.1}{\376\377\000T\000h\000e\000\040\000N\000a\000v\000i\000e\000r\000-\000S\000t\000o\000k\000e\000s\000\040\000E\000q\000u\000a\000t\000i\000o\000n\000s\000\040\000i\000n\000\040\000C\000y\000l\000i\000n\000d\000r\000i\000c\000a\000l\000\040\000C\000o\000o\000r\000d\000i\000n\000a\000t\000e\000s}{section.2.3}% 29
\BOOKMARK [2][-]{subsection.2.3.2}{\376\377\000U\000n\000i\000f\000o\000r\000m\000l\000y\000\040\000R\000o\000t\000a\000t\000i\000n\000g\000\040\000F\000l\000u\000i\000d}{section.2.3}% 30
\BOOKMARK [2][-]{subsection.2.3.3}{\376\377\000S\000p\000i\000n\000\040\000D\000o\000w\000n\000\040\000o\000f\000\040\000R\000o\000t\000a\000t\000i\000n\000g\000\040\000F\000l\000u\000i\000d}{section.2.3}% 31
\BOOKMARK [2][-]{subsection.2.3.4}{\376\377\000T\000h\000e\000\040\000L\000i\000n\000e\000\040\000V\000o\000r\000t\000e\000x}{section.2.3}% 32
\BOOKMARK [1][-]{section.2.4}{\376\377\000T\000r\000a\000n\000s\000p\000o\000r\000t\000\040\000o\000f\000\040\000V\000o\000r\000t\000i\000c\000i\000t\000y}{chapter.2}% 33
\BOOKMARK [1][-]{section*.34}{\376\377\000P\000r\000o\000b\000l\000e\000m\000s}{chapter.2}% 34
\BOOKMARK [0][-]{chapter.3}{\376\377\000I\000d\000e\000a\000l\000\040\000F\000l\000u\000i\000d\000s}{}% 35
\BOOKMARK [1][-]{section.3.1}{\376\377\000D\000e\000s\000c\000r\000i\000b\000i\000n\000g\000\040\000I\000d\000e\000a\000l\000\040\000F\000l\000o\000w}{chapter.3}% 36
\BOOKMARK [2][-]{subsection.3.1.1}{\376\377\000S\000t\000a\000t\000i\000c\000\040\000F\000l\000u\000i\000d\000s}{section.3.1}% 37
\BOOKMARK [2][-]{subsection.3.1.2}{\376\377\000B\000e\000r\000n\000o\000u\000l\000l\000i\000'\000s\000\040\000P\000r\000i\000n\000c\000i\000p\000l\000e}{section.3.1}% 38
\BOOKMARK [2][-]{subsection.3.1.3}{\376\377\000T\000h\000e\000\040\000V\000o\000r\000t\000i\000c\000i\000t\000y\000\040\000E\000q\000u\000a\000t\000i\000o\000n}{section.3.1}% 39
\BOOKMARK [2][-]{subsection.3.1.4}{\376\377\000C\000i\000r\000c\000u\000l\000a\000t\000i\000o\000n}{section.3.1}% 40
\BOOKMARK [2][-]{subsection.3.1.5}{\376\377\000T\000h\000e\000\040\000S\000u\000r\000f\000a\000c\000e\000\040\000o\000f\000\040\000a\000\040\000R\000o\000t\000a\000t\000i\000n\000g\000\040\000F\000l\000u\000i\000d}{section.3.1}% 41
\BOOKMARK [1][-]{section.3.2}{\376\377\000T\000h\000e\000\040\000V\000e\000l\000o\000c\000i\000t\000y\000\040\000P\000o\000t\000e\000n\000t\000i\000a\000l\000\040\000a\000n\000d\000\040\000S\000t\000r\000e\000a\000m\000\040\000F\000u\000n\000c\000t\000i\000o\000n}{chapter.3}% 42
\BOOKMARK [2][-]{subsection.3.2.1}{\376\377\000T\000h\000e\000\040\000V\000e\000l\000o\000c\000i\000t\000y\000\040\000P\000o\000t\000e\000n\000t\000i\000a\000l}{section.3.2}% 43
\BOOKMARK [2][-]{subsection.3.2.2}{\376\377\000F\000l\000o\000w\000\040\000P\000a\000s\000t\000\040\000a\000\040\000C\000y\000l\000i\000n\000d\000e\000r}{section.3.2}% 44
\BOOKMARK [2][-]{subsection.3.2.3}{\376\377\000T\000h\000e\000\040\000S\000t\000r\000e\000a\000m\000\040\000F\000u\000n\000c\000t\000i\000o\000n}{section.3.2}% 45
\BOOKMARK [1][-]{section*.44}{\376\377\000P\000r\000o\000b\000l\000e\000m\000s}{chapter.3}% 46
\BOOKMARK [0][-]{chapter.4}{\376\377\000P\000o\000t\000e\000n\000t\000i\000a\000l\000\040\000F\000l\000o\000w}{}% 47
\BOOKMARK [1][-]{section.4.1}{\376\377\000T\000h\000e\000\040\000C\000o\000m\000p\000l\000e\000x\000\040\000P\000o\000t\000e\000n\000t\000i\000a\000l}{chapter.4}% 48
\BOOKMARK [2][-]{subsection.4.1.1}{\376\377\000T\000h\000e\000\040\000C\000o\000m\000p\000l\000e\000x\000\040\000P\000l\000a\000n\000e}{section.4.1}% 49
\BOOKMARK [2][-]{subsection.4.1.2}{\376\377\000B\000a\000s\000i\000c\000\040\000F\000l\000o\000w\000s}{section.4.1}% 50
\BOOKMARK [2][-]{subsection.4.1.3}{\376\377\000M\000e\000t\000h\000o\000d\000\040\000o\000f\000\040\000I\000m\000a\000g\000e\000s}{section.4.1}% 51
\BOOKMARK [2][-]{subsection.4.1.4}{\376\377\000T\000h\000e\000\040\000C\000i\000r\000c\000l\000e\000\040\000T\000h\000e\000o\000r\000e\000m}{section.4.1}% 52
\BOOKMARK [1][-]{section.4.2}{\376\377\000F\000l\000o\000w\000\040\000P\000a\000s\000t\000\040\000O\000b\000j\000e\000c\000t\000s}{chapter.4}% 53
\BOOKMARK [2][-]{subsection.4.2.1}{\376\377\000F\000l\000o\000w\000\040\000P\000a\000s\000t\000\040\000a\000\040\000C\000y\000l\000i\000n\000d\000e\000r}{section.4.2}% 54
\BOOKMARK [2][-]{subsection.4.2.2}{\376\377\000C\000o\000n\000f\000o\000r\000m\000a\000l\000\040\000M\000a\000p\000p\000i\000n\000g}{section.4.2}% 55
\BOOKMARK [2][-]{subsection.4.2.3}{\376\377\000F\000l\000o\000w\000\040\000P\000a\000s\000t\000\040\000a\000n\000\040\000E\000l\000l\000i\000p\000t\000i\000c\000a\000l\000\040\000C\000y\000l\000i\000n\000d\000e\000r}{section.4.2}% 56
\BOOKMARK [2][-]{subsection.4.2.4}{\376\377\000F\000l\000o\000w\000\040\000P\000a\000s\000t\000\040\000a\000\040\000F\000l\000a\000t\000\040\000P\000l\000a\000t\000e}{section.4.2}% 57
\BOOKMARK [2][-]{subsection.4.2.5}{\376\377\000F\000l\000o\000w\000\040\000P\000a\000s\000t\000\040\000a\000n\000\040\000A\000e\000r\000o\000f\000o\000i\000l}{section.4.2}% 58
\BOOKMARK [1][-]{section.4.3}{\376\377\000V\000o\000r\000t\000e\000x\000\040\000M\000o\000t\000i\000o\000n}{chapter.4}% 59
\BOOKMARK [2][-]{subsection.4.3.1}{\376\377\000T\000h\000e\000\040\000H\000e\000l\000m\000h\000o\000l\000t\000z\000\040\000V\000o\000r\000t\000e\000x\000\040\000T\000h\000e\000o\000r\000e\000m\000s}{section.4.3}% 60
\BOOKMARK [2][-]{subsection.4.3.2}{\376\377\000A\000\040\000V\000o\000r\000t\000e\000x\000\040\000P\000a\000i\000r}{section.4.3}% 61
\BOOKMARK [2][-]{subsection.4.3.3}{\376\377\000V\000o\000r\000t\000e\000x\000\040\000S\000h\000e\000d\000d\000i\000n\000g}{section.4.3}% 62
\BOOKMARK [2][-]{subsection.4.3.4}{\376\377\000T\000h\000e\000\040\000v\000o\000n\000\040\000K\000\341\000r\000m\000\341\000n\000\040\000V\000o\000r\000t\000e\000x\000\040\000S\000t\000r\000e\000e\000t}{section.4.3}% 63
\BOOKMARK [1][-]{section*.76}{\376\377\000P\000r\000o\000b\000l\000e\000m\000s}{chapter.4}% 64
\BOOKMARK [0][-]{chapter.5}{\376\377\000W\000a\000v\000e\000s}{}% 65
\BOOKMARK [1][-]{section.5.1}{\376\377\000G\000r\000a\000v\000i\000t\000y\000\040\000a\000n\000d\000\040\000C\000a\000p\000i\000l\000l\000a\000r\000y\000\040\000W\000a\000v\000e\000s}{chapter.5}% 66
\BOOKMARK [2][-]{subsection.5.1.1}{\376\377\000S\000u\000r\000f\000a\000c\000e\000\040\000W\000a\000v\000e\000s}{section.5.1}% 67
\BOOKMARK [2][-]{subsection.5.1.2}{\376\377\000T\000h\000e\000\040\000K\000i\000n\000e\000m\000a\000t\000i\000c\000\040\000a\000n\000d\000\040\000P\000r\000e\000s\000s\000u\000r\000e\000\040\000C\000o\000n\000d\000i\000t\000i\000o\000n\000s}{section.5.1}% 68
\BOOKMARK [2][-]{subsection.5.1.3}{\376\377\000S\000m\000a\000l\000l\000\040\000A\000m\000p\000l\000i\000t\000u\000d\000e\000\040\000W\000a\000v\000e\000s}{section.5.1}% 69
\BOOKMARK [2][-]{subsection.5.1.4}{\376\377\000S\000i\000n\000u\000s\000o\000i\000d\000a\000l\000\040\000W\000a\000v\000e\000s\000\040\000o\000n\000\040\000D\000e\000e\000p\000\040\000W\000a\000t\000e\000r}{section.5.1}% 70
\BOOKMARK [2][-]{subsection.5.1.5}{\376\377\000C\000a\000p\000i\000l\000l\000a\000r\000y\000\040\000W\000a\000v\000e\000s}{section.5.1}% 71
\BOOKMARK [1][-]{section.5.2}{\376\377\000N\000o\000n\000-\000S\000i\000n\000u\000s\000o\000i\000d\000a\000l\000\040\000W\000a\000v\000e\000s}{chapter.5}% 72
\BOOKMARK [2][-]{subsection.5.2.1}{\376\377\000F\000o\000u\000r\000i\000e\000r\000\040\000S\000e\000r\000i\000e\000s}{section.5.2}% 73
\BOOKMARK [2][-]{subsection.5.2.2}{\376\377\000W\000a\000v\000e\000\040\000P\000a\000c\000k\000e\000t\000s}{section.5.2}% 74
\BOOKMARK [2][-]{subsection.5.2.3}{\376\377\000G\000r\000o\000u\000p\000\040\000V\000e\000l\000o\000c\000i\000t\000y\000\040\000a\000n\000d\000\040\000E\000n\000e\000r\000g\000y}{section.5.2}% 75
\BOOKMARK [2][-]{subsection.5.2.4}{\376\377\000L\000o\000n\000g\000-\000T\000i\000m\000e\000\040\000R\000e\000s\000p\000o\000n\000s\000e}{section.5.2}% 76
\BOOKMARK [1][-]{section.5.3}{\376\377\000S\000o\000u\000n\000d\000\040\000W\000a\000v\000e\000s}{chapter.5}% 77
\BOOKMARK [2][-]{subsection.5.3.1}{\376\377\000C\000o\000m\000p\000r\000e\000s\000s\000i\000b\000l\000e\000\040\000F\000l\000u\000i\000d\000s}{section.5.3}% 78
\BOOKMARK [2][-]{subsection.5.3.2}{\376\377\000S\000m\000a\000l\000l\000\040\000A\000m\000p\000l\000i\000t\000u\000d\000e\000\040\000S\000o\000u\000n\000d\000\040\000W\000a\000v\000e\000s}{section.5.3}% 79
\BOOKMARK [1][-]{section*.93}{\376\377\000P\000r\000o\000b\000l\000e\000m\000s}{chapter.5}% 80
\BOOKMARK [0][-]{chapter.6}{\376\377\000S\000p\000e\000c\000i\000a\000l\000\040\000T\000o\000p\000i\000c\000s}{}% 81
\BOOKMARK [1][-]{section.6.1}{\376\377\000D\000e\000r\000i\000v\000i\000n\000g\000\040\000t\000h\000e\000\040\000N\000a\000v\000i\000e\000r\000-\000S\000t\000o\000k\000e\000s\000\040\000E\000q\000u\000a\000t\000i\000o\000n}{chapter.6}% 82
\BOOKMARK [2][-]{subsection.6.1.1}{\376\377\000T\000h\000e\000\040\000S\000t\000r\000e\000s\000s\000\040\000T\000e\000n\000s\000o\000r\000\040\000a\000n\000d\000\040\000V\000e\000c\000t\000o\000r}{section.6.1}% 83
\BOOKMARK [2][-]{subsection.6.1.2}{\376\377\000C\000a\000u\000c\000h\000y\000'\000s\000\040\000E\000q\000u\000a\000t\000i\000o\000n\000\040\000o\000f\000\040\000M\000o\000t\000i\000o\000n}{section.6.1}% 84
\BOOKMARK [2][-]{subsection.6.1.3}{\376\377\000N\000e\000w\000t\000o\000n\000i\000a\000n\000\040\000F\000l\000u\000i\000d\000s}{section.6.1}% 85
\BOOKMARK [1][-]{section.6.2}{\376\377\000B\000o\000u\000n\000d\000a\000r\000y\000\040\000L\000a\000y\000e\000r\000s}{chapter.6}% 86
\BOOKMARK [1][-]{section.6.3}{\376\377\000N\000o\000n\000l\000i\000n\000e\000a\000r\000\040\000W\000a\000v\000e\000s}{chapter.6}% 87
\BOOKMARK [2][-]{subsection.6.3.1}{\376\377\000T\000h\000e\000\040\000S\000h\000a\000l\000l\000o\000w\000\040\000W\000a\000t\000e\000r\000\040\000E\000q\000u\000a\000t\000i\000o\000n\000s}{section.6.3}% 88
\BOOKMARK [2][-]{subsection.6.3.2}{\376\377\000M\000e\000t\000h\000o\000d\000\040\000o\000f\000\040\000C\000h\000a\000r\000a\000c\000t\000e\000r\000i\000s\000t\000i\000c\000s}{section.6.3}% 89
\BOOKMARK [2][-]{subsection.6.3.3}{\376\377\000T\000h\000e\000\040\000D\000a\000m\000\040\000B\000r\000e\000a\000k\000\040\000P\000r\000o\000b\000l\000e\000m}{section.6.3}% 90
\BOOKMARK [1][-]{section.6.4}{\376\377\000F\000l\000o\000w\000\040\000P\000a\000s\000t\000\040\000a\000\040\000S\000p\000h\000e\000r\000e}{chapter.6}% 91
\BOOKMARK [2][-]{subsection.6.4.1}{\376\377\000I\000d\000e\000a\000l\000\040\000F\000l\000o\000w}{section.6.4}% 92
\BOOKMARK [2][-]{subsection.6.4.2}{\376\377\000S\000t\000o\000k\000e\000s\000\040\000S\000t\000r\000e\000a\000m\000\040\000F\000u\000n\000c\000t\000i\000o\000n}{section.6.4}% 93
\BOOKMARK [2][-]{subsection.6.4.3}{\376\377\000V\000e\000r\000y\000\040\000V\000i\000s\000c\000o\000u\000s\000\040\000F\000l\000o\000w}{section.6.4}% 94
\BOOKMARK [2][-]{subsection.6.4.4}{\376\377\000S\000l\000o\000w\000\040\000F\000l\000o\000w\000\040\000P\000a\000s\000t\000\040\000a\000\040\000S\000p\000h\000e\000r\000e}{section.6.4}% 95
\BOOKMARK [3][-]{section*.106}{\376\377\000T\000h\000e\000\040\000E\000q\000u\000a\000t\000i\000o\000n\000\040\000o\000f\000\040\000M\000o\000t\000i\000o\000n}{subsection.6.4.4}% 96
\BOOKMARK [3][-]{section*.107}{\376\377\000T\000h\000e\000\040\000B\000o\000u\000n\000d\000a\000r\000y\000\040\000C\000o\000n\000d\000i\000t\000i\000o\000n\000s}{subsection.6.4.4}% 97
\BOOKMARK [3][-]{section*.108}{\376\377\000T\000h\000e\000\040\000S\000o\000l\000u\000t\000i\000o\000n}{subsection.6.4.4}% 98
\BOOKMARK [2][-]{subsection.6.4.5}{\376\377\000S\000t\000o\000k\000e\000s\000\040\000L\000a\000w}{section.6.4}% 99
\BOOKMARK [3][-]{section*.110}{\376\377\000T\000h\000e\000\040\000P\000r\000e\000s\000s\000u\000r\000e}{subsection.6.4.5}% 100
\BOOKMARK [3][-]{section*.111}{\376\377\000T\000h\000e\000\040\000S\000t\000r\000e\000s\000s}{subsection.6.4.5}% 101
\BOOKMARK [3][-]{section*.112}{\376\377\000T\000h\000e\000\040\000F\000o\000r\000c\000e\000\040\000o\000n\000\040\000t\000h\000e\000\040\000S\000p\000h\000e\000r\000e}{subsection.6.4.5}% 102
\BOOKMARK [1][-]{section.6.5}{\376\377\000S\000t\000e\000l\000l\000a\000r\000\040\000S\000t\000r\000u\000c\000t\000u\000r\000e}{chapter.6}% 103
\BOOKMARK [2][-]{subsection.6.5.1}{\376\377\000N\000e\000w\000t\000o\000n\000i\000a\000n\000\040\000G\000r\000a\000v\000i\000t\000y}{section.6.5}% 104
\BOOKMARK [2][-]{subsection.6.5.2}{\376\377\000E\000n\000e\000r\000g\000y\000\040\000T\000r\000a\000n\000s\000p\000o\000r\000t}{section.6.5}% 105
\BOOKMARK [2][-]{subsection.6.5.3}{\376\377\000E\000q\000u\000a\000t\000i\000o\000n\000s\000\040\000o\000f\000\040\000S\000t\000e\000l\000l\000a\000r\000\040\000S\000t\000r\000u\000c\000t\000u\000r\000e}{section.6.5}% 106
\BOOKMARK [2][-]{subsection.6.5.4}{\376\377\000P\000o\000l\000y\000t\000r\000o\000p\000i\000c\000\040\000M\000o\000d\000e\000l\000s}{section.6.5}% 107
\BOOKMARK [1][-]{section.6.6}{\376\377\000C\000o\000m\000p\000u\000t\000a\000t\000i\000o\000n\000a\000l\000\040\000M\000e\000t\000h\000o\000d\000s}{chapter.6}% 108
\BOOKMARK [2][-]{subsection.6.6.1}{\376\377\000C\000o\000m\000p\000u\000t\000a\000t\000i\000o\000n\000a\000l\000\040\000F\000l\000u\000i\000d\000\040\000D\000y\000n\000a\000m\000i\000c\000s}{section.6.6}% 109
\BOOKMARK [2][-]{subsection.6.6.2}{\376\377\000S\000m\000o\000o\000t\000h\000e\000d\000\040\000P\000a\000r\000t\000i\000c\000l\000e\000\040\000H\000y\000d\000r\000o\000d\000y\000n\000a\000m\000i\000c\000s}{section.6.6}% 110
\BOOKMARK [2][-]{subsection.6.6.3}{\376\377\000L\000a\000t\000t\000i\000c\000e\000\040\000B\000o\000l\000t\000z\000m\000a\000n\000n\000\040\000M\000e\000t\000h\000o\000d}{section.6.6}% 111
\BOOKMARK [1][-]{section*.116}{\376\377\000P\000r\000o\000b\000l\000e\000m\000s}{chapter.6}% 112
